#
# There is insufficient memory for the Java Runtime Environment to continue.
# Native memory allocation (malloc) failed to allocate 45776 bytes for Chunk::new
# Possible reasons:
#   The system is out of physical RAM or swap space
#   The process is running with CompressedOops enabled, and the Java Heap may be blocking the growth of the native heap
# Possible solutions:
#   Reduce memory load on the system
#   Increase physical memory or swap space
#   Check if swap backing store is full
#   Decrease Java heap size (-Xmx/-Xms)
#   Decrease number of Java threads
#   Decrease Java thread stack sizes (-Xss)
#   Set larger code cache with -XX:ReservedCodeCacheSize=
#   JVM is running with Unscaled Compressed Oops mode in which the Java heap is
#     placed in the first 4GB address space. The Java Heap base address is the
#     maximum limit for the native heap growth. Please use -XX:HeapBaseMinAddress
#     to set the Java Heap base and to place the Java Heap above 4GB virtual address.
# This output file may be truncated or incomplete.
#
#  Out of Memory Error (allocation.cpp:389), pid=18816, tid=0x0000000000000094
#
# JRE version: Java(TM) SE Runtime Environment (8.0_231-b11) (build 1.8.0_231-b11)
# Java VM: Java HotSpot(TM) 64-Bit Server VM (25.231-b11 mixed mode windows-amd64 compressed oops)
# Failed to write core dump. Minidumps are not enabled by default on client versions of Windows
#

---------------  T H R E A D  ---------------

Current thread (0x000000001a1d2000):  JavaThread "C2 CompilerThread2" daemon [_thread_in_native, id=148, stack(0x000000001acb0000,0x000000001adb0000)]

Stack: [0x000000001acb0000,0x000000001adb0000]
[error occurred during error reporting (printing stack bounds), id 0xc0000005]

Native frames: (J=compiled Java code, j=interpreted, Vv=VM code, C=native code)


Current CompileTask:
C2:    299  273 %     4       java.io.WinNTFileSystem::normalize @ 61 (231 bytes)


---------------  P R O C E S S  ---------------

Java Threads: ( => current thread )
  0x000000001a3ce000 JavaThread "surefire-forkedjvm-ping-30s" daemon [_thread_in_native, id=18456, stack(0x000000001b1b0000,0x000000001b2b0000)]
  0x000000001a333000 JavaThread "surefire-forkedjvm-command-thread" daemon [_thread_in_native, id=22872, stack(0x000000001b0b0000,0x000000001b1b0000)]
  0x000000001a262800 JavaThread "Service Thread" daemon [_thread_blocked, id=15276, stack(0x000000001aeb0000,0x000000001afb0000)]
  0x000000001a1d6000 JavaThread "C1 CompilerThread3" daemon [_thread_blocked, id=15464, stack(0x000000001adb0000,0x000000001aeb0000)]
=>0x000000001a1d2000 JavaThread "C2 CompilerThread2" daemon [_thread_in_native, id=148, stack(0x000000001acb0000,0x000000001adb0000)]
  0x000000001a1cf000 JavaThread "C2 CompilerThread1" daemon [_thread_blocked, id=21296, stack(0x000000001abb0000,0x000000001acb0000)]
  0x000000001a1cb800 JavaThread "C2 CompilerThread0" daemon [_thread_blocked, id=9960, stack(0x000000001aab0000,0x000000001abb0000)]
  0x000000001a1c9000 JavaThread "Attach Listener" daemon [_thread_blocked, id=9980, stack(0x000000001a9b0000,0x000000001aab0000)]
  0x000000001a1c8000 JavaThread "Signal Dispatcher" daemon [_thread_blocked, id=15820, stack(0x000000001a8b0000,0x000000001a9b0000)]
  0x000000000351e000 JavaThread "Finalizer" daemon [_thread_blocked, id=2508, stack(0x000000001a6a0000,0x000000001a7a0000)]
  0x000000001a1c0800 JavaThread "Reference Handler" daemon [_thread_blocked, id=26208, stack(0x000000001a5a0000,0x000000001a6a0000)]
  0x0000000003422800 JavaThread "main" [_thread_in_native, id=10304, stack(0x00000000032e0000,0x00000000033e0000)]

Other Threads:
  0x00000000183c9000 VMThread [stack: 0x000000001a0a0000,0x000000001a1a0000] [id=20944]
  0x000000001a264800 WatcherThread [stack: 0x000000001afb0000,0x000000001b0b0000] [id=22152]

VM state:not at safepoint (normal execution)

VM Mutex/Monitor currently owned by a thread: None

heap address: 0x0000000083000000, size: 2000 MB, Compressed Oops mode: 32-bit
Narrow klass base: 0x0000000000000000, Narrow klass shift: 3
Compressed class space size: 1073741824 Address: 0x0000000100000000

Heap:
 PSYoungGen      total 37888K, used 15352K [0x00000000d6580000, 0x00000000d8f80000, 0x0000000100000000)
  eden space 32768K, 46% used [0x00000000d6580000,0x00000000d747e2c0,0x00000000d8580000)
  from space 5120K, 0% used [0x00000000d8a80000,0x00000000d8a80000,0x00000000d8f80000)
  to   space 5120K, 0% used [0x00000000d8580000,0x00000000d8580000,0x00000000d8a80000)
 ParOldGen       total 86016K, used 0K [0x0000000083000000, 0x0000000088400000, 0x00000000d6580000)
  object space 86016K, 0% used [0x0000000083000000,0x0000000083000000,0x0000000088400000)
 Metaspace       used 4919K, capacity 5184K, committed 5504K, reserved 1056768K
  class space    used 532K, capacity 564K, committed 640K, reserved 1048576K

Card table byte_map: [0x00000000128e0000,0x0000000012cd0000] byte_map_base: 0x00000000124c8000

Marking Bits: (ParMarkBitMap*) 0x00000000565f6d90
 Begin Bits: [0x0000000013770000, 0x00000000156b0000)
 End Bits:   [0x00000000156b0000, 0x00000000175f0000)

Polling page: 0x00000000032a0000

CodeCache: size=245760Kb used=1772Kb max_used=1773Kb free=243987Kb
 bounds [0x0000000003520000, 0x0000000003790000, 0x0000000012520000]
 total_blobs=565 nmethods=282 adapters=196
 compilation: enabled

Compilation events (10 events):
Event: 0.290 Thread 0x000000001a1d6000  278   !   3       java.util.zip.ZipFile$ZipFileInputStream::read (131 bytes)
Event: 0.291 Thread 0x000000001a1d6000 nmethod 278 0x00000000036d7a50 code [0x00000000036d7c20, 0x00000000036d84e8]
Event: 0.295 Thread 0x000000001a1d6000  280       3       java.lang.ref.WeakReference::<init> (7 bytes)
Event: 0.295 Thread 0x000000001a1cf000  281 %     4       java.lang.String::lastIndexOf @ 21 (52 bytes)
Event: 0.295 Thread 0x000000001a1d6000 nmethod 280 0x00000000036d8a50 code [0x00000000036d8bc0, 0x00000000036d8e70]
Event: 0.295 Thread 0x000000001a1d6000  282       1       java.util.zip.ZipFile::getName (5 bytes)
Event: 0.295 Thread 0x000000001a1d6000 nmethod 282 0x00000000036cc610 code [0x00000000036cc760, 0x00000000036cc870]
Event: 0.296 Thread 0x000000001a1d6000  283       3       java.lang.String::toUpperCase (439 bytes)
Event: 0.297 Thread 0x000000001a1cf000 nmethod 281% 0x00000000036dbd10 code [0x00000000036dbe60, 0x00000000036dc018]
Event: 0.297 Thread 0x000000001a1d6000 nmethod 283 0x00000000036d9390 code [0x00000000036d96c0, 0x00000000036daed8]

GC Heap History (0 events):
No events

Deoptimization events (1 events):
Event: 0.239 Thread 0x0000000003422800 Uncommon trap: reason=unstable_if action=reinterpret pc=0x00000000036a1ec8 method=java.lang.String.startsWith(Ljava/lang/String;I)Z @ 25

Classes redefined (0 events):
No events

Internal exceptions (9 events):
Event: 0.035 Thread 0x0000000003422800 Exception <a 'java/lang/NoSuchMethodError': Method sun.misc.Unsafe.defineClass(Ljava/lang/String;[BII)Ljava/lang/Class; name or signature does not match> (0x00000000d6587cb8) thrown at [C:\re\workspace\8-2-build-windows-amd64-cygwin\jdk8u231\13620\hotspot
Event: 0.036 Thread 0x0000000003422800 Exception <a 'java/lang/NoSuchMethodError': Method sun.misc.Unsafe.prefetchRead(Ljava/lang/Object;J)V name or signature does not match> (0x00000000d6587fa0) thrown at [C:\re\workspace\8-2-build-windows-amd64-cygwin\jdk8u231\13620\hotspot\src\share\vm\prim
Event: 0.157 Thread 0x0000000003422800 Exception <a 'java/security/PrivilegedActionException'> (0x00000000d6f44e68) thrown at [C:\re\workspace\8-2-build-windows-amd64-cygwin\jdk8u231\13620\hotspot\src\share\vm\prims\jvm.cpp, line 1502]
Event: 0.157 Thread 0x0000000003422800 Exception <a 'java/security/PrivilegedActionException'> (0x00000000d6f452f0) thrown at [C:\re\workspace\8-2-build-windows-amd64-cygwin\jdk8u231\13620\hotspot\src\share\vm\prims\jvm.cpp, line 1502]
Event: 0.158 Thread 0x0000000003422800 Exception <a 'java/security/PrivilegedActionException'> (0x00000000d6f495d0) thrown at [C:\re\workspace\8-2-build-windows-amd64-cygwin\jdk8u231\13620\hotspot\src\share\vm\prims\jvm.cpp, line 1502]
Event: 0.158 Thread 0x0000000003422800 Exception <a 'java/security/PrivilegedActionException'> (0x00000000d6f499c8) thrown at [C:\re\workspace\8-2-build-windows-amd64-cygwin\jdk8u231\13620\hotspot\src\share\vm\prims\jvm.cpp, line 1502]
Event: 0.225 Thread 0x0000000003422800 Exception <a 'java/util/zip/ZipException'> (0x00000000d72c1720) thrown at [C:\re\workspace\8-2-build-windows-amd64-cygwin\jdk8u231\13620\hotspot\src\share\vm\prims\jni.cpp, line 710]
Event: 0.225 Thread 0x0000000003422800 Exception <a 'java/security/PrivilegedActionException'> (0x00000000d72c1b10) thrown at [C:\re\workspace\8-2-build-windows-amd64-cygwin\jdk8u231\13620\hotspot\src\share\vm\prims\jvm.cpp, line 1502]
Event: 0.225 Thread 0x0000000003422800 Exception <a 'java/security/PrivilegedActionException'> (0x00000000d72c1d20) thrown at [C:\re\workspace\8-2-build-windows-amd64-cygwin\jdk8u231\13620\hotspot\src\share\vm\prims\jvm.cpp, line 1502]

Events (10 events):
Event: 0.202 loading class java/lang/IllegalAccessException done
Event: 0.202 loading class org/apache/maven/surefire/junit4/JUnit4Provider
Event: 0.202 loading class org/apache/maven/surefire/junit4/JUnit4Provider done
Event: 0.202 loading class sun/misc/URLClassPath$FileLoader
Event: 0.202 loading class sun/misc/URLClassPath$FileLoader done
Event: 0.225 loading class java/util/zip/ZipException
Event: 0.225 loading class java/util/zip/ZipException done
Event: 0.239 Thread 0x0000000003422800 Uncommon trap: trap_request=0xffffff65 fr.pc=0x00000000036a1ec8
Event: 0.239 Thread 0x0000000003422800 DEOPT PACKING pc=0x00000000036a1ec8 sp=0x00000000033dc650
Event: 0.239 Thread 0x0000000003422800 DEOPT UNPACKING pc=0x000000000356583b sp=0x00000000033dc5c8 mode 2


Dynamic libraries:
0x00007ff72c9d0000 - 0x00007ff72ca07000 	C:\Program Files\Java\jdk1.8.0_231\jre\bin\java.exe
0x00007ff8e1b20000 - 0x00007ff8e1d10000 	C:\windows\SYSTEM32\ntdll.dll
0x00007ff8e0a60000 - 0x00007ff8e0b12000 	C:\windows\System32\KERNEL32.DLL
0x00007ff8debc0000 - 0x00007ff8dee64000 	C:\windows\System32\KERNELBASE.dll
0x00000000599e0000 - 0x0000000059a73000 	C:\windows\System32\SYSFER.DLL
0x00007ff8e03a0000 - 0x00007ff8e0443000 	C:\windows\System32\ADVAPI32.dll
0x00007ff8e0920000 - 0x00007ff8e09be000 	C:\windows\System32\msvcrt.dll
0x00007ff8e09c0000 - 0x00007ff8e0a57000 	C:\windows\System32\sechost.dll
0x00007ff8e14e0000 - 0x00007ff8e1600000 	C:\windows\System32\RPCRT4.dll
0x00007ff8e0020000 - 0x00007ff8e01b4000 	C:\windows\System32\USER32.dll
0x00007ff8df990000 - 0x00007ff8df9b1000 	C:\windows\System32\win32u.dll
0x00007ff8e1ab0000 - 0x00007ff8e1ad6000 	C:\windows\System32\GDI32.dll
0x00007ff8dee70000 - 0x00007ff8df004000 	C:\windows\System32\gdi32full.dll
0x00007ff8deb20000 - 0x00007ff8debbe000 	C:\windows\System32\msvcp_win.dll
0x00007ff8dfa40000 - 0x00007ff8dfb3a000 	C:\windows\System32\ucrtbase.dll
0x00007ff8d1550000 - 0x00007ff8d17d4000 	C:\windows\WinSxS\amd64_microsoft.windows.common-controls_6595b64144ccf1df_6.0.18362.836_none_e6c4b943130f18ed\COMCTL32.dll
0x00007ff8e1770000 - 0x00007ff8e1aa6000 	C:\windows\System32\combase.dll
0x00007ff8df9c0000 - 0x00007ff8dfa40000 	C:\windows\System32\bcryptPrimitives.dll
0x00007ff8e01c0000 - 0x00007ff8e01ee000 	C:\windows\System32\IMM32.DLL
0x00007ff8de430000 - 0x00007ff8de54f000 	C:\Program Files\Avecto\Privilege Guard Client\PGHook.dll
0x00007ff8e0cd0000 - 0x00007ff8e13b4000 	C:\windows\System32\shell32.dll
0x00007ff8dead0000 - 0x00007ff8deb1a000 	C:\windows\System32\cfgmgr32.dll
0x00007ff8e13c0000 - 0x00007ff8e1469000 	C:\windows\System32\shcore.dll
0x00007ff8df210000 - 0x00007ff8df98e000 	C:\windows\System32\windows.storage.dll
0x00007ff8dea60000 - 0x00007ff8dea83000 	C:\windows\System32\profapi.dll
0x00007ff8dea10000 - 0x00007ff8dea5a000 	C:\windows\System32\powrprof.dll
0x00007ff8de9e0000 - 0x00007ff8de9f0000 	C:\windows\System32\UMPDC.dll
0x00007ff8e0200000 - 0x00007ff8e0252000 	C:\windows\System32\shlwapi.dll
0x00007ff8de9f0000 - 0x00007ff8dea01000 	C:\windows\System32\kernel.appcore.dll
0x00007ff8deab0000 - 0x00007ff8deac7000 	C:\windows\System32\cryptsp.dll
0x00007ff8de2f0000 - 0x00007ff8de323000 	C:\windows\system32\rsaenh.dll
0x00007ff8dfb40000 - 0x00007ff8dfb66000 	C:\windows\System32\bcrypt.dll
0x00007ff8de2e0000 - 0x00007ff8de2ec000 	C:\windows\SYSTEM32\CRYPTBASE.dll
0x0000000068000000 - 0x000000006806c000 	C:\windows\System32\QIPCAP64.dll
0x00007ff8dddb0000 - 0x00007ff8dde7b000 	C:\windows\SYSTEM32\DNSAPI.dll
0x00007ff8e1470000 - 0x00007ff8e14df000 	C:\windows\System32\WS2_32.dll
0x00007ff8dfed0000 - 0x00007ff8dfed8000 	C:\windows\System32\NSI.dll
0x00007ff8ddd60000 - 0x00007ff8ddd9a000 	C:\windows\SYSTEM32\IPHLPAPI.DLL
0x0000000057be0000 - 0x0000000057cb2000 	C:\Program Files\Java\jdk1.8.0_231\jre\bin\msvcr100.dll
0x0000000055dd0000 - 0x0000000056676000 	C:\Program Files\Java\jdk1.8.0_231\jre\bin\server\jvm.dll
0x00007ff8dfee0000 - 0x00007ff8dfee8000 	C:\windows\System32\PSAPI.DLL
0x00007ff8c7ee0000 - 0x00007ff8c7ee9000 	C:\windows\SYSTEM32\WSOCK32.dll
0x00007ff8cda70000 - 0x00007ff8cda94000 	C:\windows\SYSTEM32\WINMM.dll
0x00007ff8d8790000 - 0x00007ff8d879a000 	C:\windows\SYSTEM32\VERSION.dll
0x00007ff8cda40000 - 0x00007ff8cda6d000 	C:\windows\SYSTEM32\WINMMBASE.dll
0x00007ff8db2e0000 - 0x00007ff8db2ef000 	C:\Program Files\Java\jdk1.8.0_231\jre\bin\verify.dll
0x00007ff8d4240000 - 0x00007ff8d4269000 	C:\Program Files\Java\jdk1.8.0_231\jre\bin\java.dll
0x00007ff8d8570000 - 0x00007ff8d8586000 	C:\Program Files\Java\jdk1.8.0_231\jre\bin\zip.dll
0x00007ff8d41a0000 - 0x00007ff8d41ad000 	C:\Program Files\Java\jdk1.8.0_231\jre\bin\management.dll

VM Arguments:
java_command: C:\Users\RLIBER~1.MAR\AppData\Local\Temp\surefire6558725835531758945\surefirebooter1371603752731397972.jar C:\Users\r.libera.marzochi\AppData\Local\Temp\surefire6558725835531758945 2020-05-29T15-15-49_802-jvmRun1 surefire4638314464868482562tmp surefire_02668994073789532178tmp
java_class_path (initial): C:\Users\RLIBER~1.MAR\AppData\Local\Temp\surefire6558725835531758945\surefirebooter1371603752731397972.jar
Launcher Type: SUN_STANDARD

Environment Variables:
JAVA_HOME=C:\Program Files\Java\jdk1.8.0_231
PATH=C:/Program Files/Java/jre1.8.0_251/bin/server;C:/Program Files/Java/jre1.8.0_251/bin;C:/Program Files/Java/jre1.8.0_251/lib/amd64;C:\Python38\Scripts\;C:\Python38\;C:\Program Files (x86)\Common Files\Oracle\Java\javapath;C:\windows\system32;C:\windows;C:\windows\System32\Wbem;C:\windows\System32\WindowsPowerShell\v1.0\;C:\windows\System32\OpenSSH\;C:\Program Files\PuTTY\;C:\Program Files\Java\jdk1.8.0_231\bin;C:\apache-maven-3.6.3\bin;C:\Program Files\Java\graalvm-ee-java8-19.3.0.2\bin;C:\Program Files\nodejs\;C:\ProgramData\chocolatey\bin;C:\Users\r.libera.marzochi\AppData\Local\Microsoft\WindowsApps;C:\Program Files\JetBrains\IntelliJ IDEA 2019.3.1\bin;;C:\Program Files\JetBrains\IntelliJ IDEA Community Edition 2019.2\bin;;C:\Users\r.libera.marzochi\AppData\Local\Programs\Git\cmd;C:\Users\r.libera.marzochi\AppData\Roaming\npm;C:\Users\r.libera.marzochi\Desktop;
USERNAME=r.libera.marzochi
OS=Windows_NT
PROCESSOR_IDENTIFIER=Intel64 Family 6 Model 142 Stepping 12, GenuineIntel



---------------  S Y S T E M  ---------------

OS: Windows 10.0 , 64 bit Build 18362 (10.0.18362.778)

CPU:total 8 (initial active 8) (4 cores per cpu, 2 threads per core) family 6 model 142 stepping 12, cmov, cx8, fxsr, mmx, sse, sse2, sse3, ssse3, sse4.1, sse4.2, popcnt, avx, avx2, aes, clmul, erms, 3dnowpref, lzcnt, ht, tsc, tscinvbit, bmi1, bmi2, adx

Memory: 4k page, physical 8190232k(576144k free), swap 23583636k(5124k free)

vm_info: Java HotSpot(TM) 64-Bit Server VM (25.231-b11) for windows-amd64 JRE (1.8.0_231-b11), built on Oct  5 2019 03:11:30 by "java_re" with MS VC++ 10.0 (VS2010)

time: Fri May 29 15:15:52 2020
timezone: Romance Daylight Time
elapsed time: 0 seconds (0d 0h 0m 0s)

